#! /usr/bin/vvp
:ivl_version "10.1 (stable)";
:ivl_delay_selection "TYPICAL";
:vpi_time_precision + 0;
:vpi_module "system";
:vpi_module "vhdl_sys";
:vpi_module "v2005_math";
:vpi_module "va_math";
S_0x555b82c506a0 .scope module, "top" "top" 2 2;
 .timescale 0 0;
v0x555b82c71a40_0 .var "A", 15 0;
v0x555b82c71b20_0 .var "B", 15 0;
v0x555b82c71bf0_0 .var "Opcode", 3 0;
v0x555b82c71cf0_0 .net "Result", 15 0, v0x555b82c717b0_0;  1 drivers
v0x555b82c71dc0_0 .net "Sel", 0 0, v0x555b82c71890_0;  1 drivers
S_0x555b82c51300 .scope module, "LU0" "Logic_unit" 2 8, 3 1 0, S_0x555b82c506a0;
 .timescale 0 0;
    .port_info 0 /INPUT 4 "Opcode"
    .port_info 1 /INPUT 16 "A"
    .port_info 2 /INPUT 16 "B"
    .port_info 3 /OUTPUT 16 "Result"
    .port_info 4 /OUTPUT 1 "Sel"
P_0x555b82c09e40 .param/l "AND" 0 3 7, C4<1000>;
P_0x555b82c09e80 .param/l "NAND" 0 3 8, C4<1001>;
P_0x555b82c09ec0 .param/l "NEG" 0 3 14, C4<1111>;
P_0x555b82c09f00 .param/l "NOR" 0 3 9, C4<1010>;
P_0x555b82c09f40 .param/l "NOT" 0 3 11, C4<1100>;
P_0x555b82c09f80 .param/l "OR" 0 3 10, C4<1011>;
P_0x555b82c09fc0 .param/l "XNOR" 0 3 13, C4<1110>;
P_0x555b82c0a000 .param/l "XOR" 0 3 12, C4<1101>;
v0x555b82c516e0_0 .net "A", 15 0, v0x555b82c71a40_0;  1 drivers
v0x555b82c715e0_0 .net "B", 15 0, v0x555b82c71b20_0;  1 drivers
v0x555b82c716c0_0 .net "Opcode", 3 0, v0x555b82c71bf0_0;  1 drivers
v0x555b82c717b0_0 .var "Result", 15 0;
v0x555b82c71890_0 .var "Sel", 0 0;
E_0x555b82c41aa0 .event edge, v0x555b82c715e0_0, v0x555b82c516e0_0, v0x555b82c716c0_0;
    .scope S_0x555b82c51300;
T_0 ;
    %pushi/vec4 0, 0, 16;
    %store/vec4 v0x555b82c717b0_0, 0, 16;
    %end;
    .thread T_0;
    .scope S_0x555b82c51300;
T_1 ;
    %pushi/vec4 0, 0, 1;
    %store/vec4 v0x555b82c71890_0, 0, 1;
    %end;
    .thread T_1;
    .scope S_0x555b82c51300;
T_2 ;
    %wait E_0x555b82c41aa0;
    %load/vec4 v0x555b82c716c0_0;
    %dup/vec4;
    %pushi/vec4 8, 0, 4;
    %cmp/u;
    %jmp/1 T_2.0, 6;
    %dup/vec4;
    %pushi/vec4 9, 0, 4;
    %cmp/u;
    %jmp/1 T_2.1, 6;
    %dup/vec4;
    %pushi/vec4 10, 0, 4;
    %cmp/u;
    %jmp/1 T_2.2, 6;
    %dup/vec4;
    %pushi/vec4 11, 0, 4;
    %cmp/u;
    %jmp/1 T_2.3, 6;
    %dup/vec4;
    %pushi/vec4 12, 0, 4;
    %cmp/u;
    %jmp/1 T_2.4, 6;
    %dup/vec4;
    %pushi/vec4 13, 0, 4;
    %cmp/u;
    %jmp/1 T_2.5, 6;
    %dup/vec4;
    %pushi/vec4 14, 0, 4;
    %cmp/u;
    %jmp/1 T_2.6, 6;
    %dup/vec4;
    %pushi/vec4 15, 0, 4;
    %cmp/u;
    %jmp/1 T_2.7, 6;
    %pushi/vec4 0, 0, 16;
    %store/vec4 v0x555b82c717b0_0, 0, 16;
    %pushi/vec4 0, 0, 1;
    %store/vec4 v0x555b82c71890_0, 0, 1;
    %jmp T_2.9;
T_2.0 ;
    %load/vec4 v0x555b82c516e0_0;
    %load/vec4 v0x555b82c715e0_0;
    %and;
    %store/vec4 v0x555b82c717b0_0, 0, 16;
    %load/vec4 v0x555b82c717b0_0;
    %pushi/vec4 0, 0, 16;
    %cmp/e;
    %flag_get/vec4 4;
    %store/vec4 v0x555b82c71890_0, 0, 1;
    %jmp T_2.9;
T_2.1 ;
    %load/vec4 v0x555b82c516e0_0;
    %load/vec4 v0x555b82c715e0_0;
    %and;
    %inv;
    %store/vec4 v0x555b82c717b0_0, 0, 16;
    %load/vec4 v0x555b82c717b0_0;
    %pushi/vec4 0, 0, 16;
    %cmp/e;
    %flag_get/vec4 4;
    %store/vec4 v0x555b82c71890_0, 0, 1;
    %jmp T_2.9;
T_2.2 ;
    %load/vec4 v0x555b82c516e0_0;
    %load/vec4 v0x555b82c715e0_0;
    %or;
    %inv;
    %store/vec4 v0x555b82c717b0_0, 0, 16;
    %load/vec4 v0x555b82c717b0_0;
    %pushi/vec4 0, 0, 16;
    %cmp/e;
    %flag_get/vec4 4;
    %store/vec4 v0x555b82c71890_0, 0, 1;
    %jmp T_2.9;
T_2.3 ;
    %load/vec4 v0x555b82c516e0_0;
    %load/vec4 v0x555b82c715e0_0;
    %or;
    %store/vec4 v0x555b82c717b0_0, 0, 16;
    %load/vec4 v0x555b82c717b0_0;
    %pushi/vec4 0, 0, 16;
    %cmp/e;
    %flag_get/vec4 4;
    %store/vec4 v0x555b82c71890_0, 0, 1;
    %jmp T_2.9;
T_2.4 ;
    %load/vec4 v0x555b82c516e0_0;
    %inv;
    %store/vec4 v0x555b82c717b0_0, 0, 16;
    %load/vec4 v0x555b82c717b0_0;
    %pushi/vec4 0, 0, 16;
    %cmp/e;
    %flag_get/vec4 4;
    %store/vec4 v0x555b82c71890_0, 0, 1;
    %jmp T_2.9;
T_2.5 ;
    %load/vec4 v0x555b82c516e0_0;
    %load/vec4 v0x555b82c715e0_0;
    %xor;
    %store/vec4 v0x555b82c717b0_0, 0, 16;
    %load/vec4 v0x555b82c717b0_0;
    %pushi/vec4 0, 0, 16;
    %cmp/e;
    %flag_get/vec4 4;
    %store/vec4 v0x555b82c71890_0, 0, 1;
    %jmp T_2.9;
T_2.6 ;
    %load/vec4 v0x555b82c516e0_0;
    %load/vec4 v0x555b82c715e0_0;
    %xnor;
    %store/vec4 v0x555b82c717b0_0, 0, 16;
    %load/vec4 v0x555b82c717b0_0;
    %pushi/vec4 0, 0, 16;
    %cmp/e;
    %flag_get/vec4 4;
    %store/vec4 v0x555b82c71890_0, 0, 1;
    %jmp T_2.9;
T_2.7 ;
    %load/vec4 v0x555b82c516e0_0;
    %inv;
    %addi 1, 0, 16;
    %store/vec4 v0x555b82c717b0_0, 0, 16;
    %load/vec4 v0x555b82c717b0_0;
    %pushi/vec4 0, 0, 16;
    %cmp/e;
    %flag_get/vec4 4;
    %store/vec4 v0x555b82c71890_0, 0, 1;
    %jmp T_2.9;
T_2.9 ;
    %pop/vec4 1;
    %jmp T_2;
    .thread T_2, $push;
    .scope S_0x555b82c506a0;
T_3 ;
    %pushi/vec4 65532, 0, 16;
    %store/vec4 v0x555b82c71a40_0, 0, 16;
    %pushi/vec4 40959, 0, 16;
    %store/vec4 v0x555b82c71b20_0, 0, 16;
    %pushi/vec4 8, 0, 4;
    %store/vec4 v0x555b82c71bf0_0, 0, 4;
    %delay 10, 0;
    %end;
    .thread T_3;
    .scope S_0x555b82c506a0;
T_4 ;
    %vpi_call 2 17 "$monitor", $time, " A == %b, B == %b, Opcode == %b, output == %b", v0x555b82c71a40_0, v0x555b82c71b20_0, v0x555b82c71bf0_0, v0x555b82c71cf0_0 {0 0 0};
    %end;
    .thread T_4;
# The file index is used to find the file name in the following table.
:file_names 4;
    "N/A";
    "<interactive>";
    "Logic_unit_tb.v";
    "./Logic_unit.v";
